<?xml version="1.0" encoding="UTF-8" ?>
<testsuite tests="21" failures="4" name="runner.runTest" time="8.773" errors="0" skipped="0">
  <properties>
    <property name="idea.version" value="2021.2"/>
    <property name="java.runtime.name" value="Java(TM) SE Runtime Environment"/>
    <property name="java.vm.version" value="16.0.2+7-67"/>
    <property name="sun.boot.library.path" value="/Library/Java/JavaVirtualMachines/jdk-16.0.2.jdk/Contents/Home/lib"/>
    <property name="maven.multiModuleProjectDirectory" value="/Users/shiv/IdeaProjects/TestAutomation"/>
    <property name="java.vm.vendor" value="Oracle Corporation"/>
    <property name="java.vendor.url" value="https://java.oracle.com/"/>
    <property name="guice.disable.misplaced.annotation.check" value="true"/>
    <property name="path.separator" value=":"/>
    <property name="java.vm.name" value="Java HotSpot(TM) 64-Bit Server VM"/>
    <property name="user.country" value="IN"/>
    <property name="sun.java.launcher" value="SUN_STANDARD"/>
    <property name="java.vm.specification.name" value="Java Virtual Machine Specification"/>
    <property name="user.dir" value="/Users/shiv/IdeaProjects/TestAutomation"/>
    <property name="java.vm.compressedOopsMode" value="Zero based"/>
    <property name="java.runtime.version" value="16.0.2+7-67"/>
    <property name="os.arch" value="x86_64"/>
    <property name="java.io.tmpdir" value="/var/folders/rg/h5dmfv8x55d_7z2v0jh0v0000000gn/T/"/>
    <property name="line.separator" value="
"/>
    <property name="java.vm.specification.vendor" value="Oracle Corporation"/>
    <property name="os.name" value="Mac OS X"/>
    <property name="maven.ext.class.path" value="/Applications/IntelliJ IDEA CE.app/Contents/plugins/maven/lib/maven-event-listener.jar"/>
    <property name="classworlds.conf" value="/Applications/IntelliJ IDEA CE.app/Contents/plugins/maven/lib/maven3/bin/m2.conf"/>
    <property name="sun.jnu.encoding" value="UTF-8"/>
    <property name="java.library.path" value="/Users/shiv/Library/Java/Extensions:/Library/Java/Extensions:/Network/Library/Java/Extensions:/System/Library/Java/Extensions:/usr/lib/java:."/>
    <property name="maven.conf" value="/Applications/IntelliJ IDEA CE.app/Contents/plugins/maven/lib/maven3/conf"/>
    <property name="jdk.debug" value="release"/>
    <property name="java.class.version" value="60.0"/>
    <property name="java.specification.name" value="Java Platform API Specification"/>
    <property name="sun.management.compiler" value="HotSpot 64-Bit Tiered Compilers"/>
    <property name="os.version" value="11.5"/>
    <property name="http.nonProxyHosts" value="local|*.local|169.254/16|*.169.254/16"/>
    <property name="user.home" value="/Users/shiv"/>
    <property name="user.timezone" value="Asia/Kolkata"/>
    <property name="file.encoding" value="UTF-8"/>
    <property name="java.specification.version" value="16"/>
    <property name="cucumber.filter.tags" value="@users"/>
    <property name="user.name" value="shiv"/>
    <property name="java.class.path" value="/Applications/IntelliJ IDEA CE.app/Contents/plugins/maven/lib/maven3/boot/plexus-classworlds.license:/Applications/IntelliJ IDEA CE.app/Contents/plugins/maven/lib/maven3/boot/plexus-classworlds-2.6.0.jar"/>
    <property name="java.vm.specification.version" value="16"/>
    <property name="sun.arch.data.model" value="64"/>
    <property name="sun.java.command" value="org.codehaus.classworlds.Launcher -Didea.version=2021.2 -Dcucumber.filter.tags=@users test"/>
    <property name="java.home" value="/Library/Java/JavaVirtualMachines/jdk-16.0.2.jdk/Contents/Home"/>
    <property name="user.language" value="en"/>
    <property name="java.specification.vendor" value="Oracle Corporation"/>
    <property name="java.vm.info" value="mixed mode, sharing"/>
    <property name="java.version" value="16.0.2"/>
    <property name="java.vendor" value="Oracle Corporation"/>
    <property name="maven.home" value="/Applications/IntelliJ IDEA CE.app/Contents/plugins/maven/lib/maven3"/>
    <property name="file.separator" value="/"/>
    <property name="java.version.date" value="2021-07-20"/>
    <property name="java.vendor.url.bug" value="https://bugreport.java.com/bugreport/"/>
    <property name="sun.io.unicode.encoding" value="UnicodeBig"/>
    <property name="sun.cpu.endian" value="little"/>
    <property name="socksNonProxyHosts" value="local|*.local|169.254/16|*.169.254/16"/>
    <property name="ftp.nonProxyHosts" value="local|*.local|169.254/16|*.169.254/16"/>
  </properties>
  <testcase classname="Users Rest API test" name="Obtain user details with a valid username #1" time="3.146"/>
  <testcase classname="Users Rest API test" name="Obtain user details with a valid username #2" time="0.195"/>
  <testcase classname="Users Rest API test" name="Obtain user details with a valid username #3" time="0.179"/>
  <testcase classname="Users Rest API test" name="get access with valid credentials #1" time="0.347"/>
  <testcase classname="Users Rest API test" name="get access with valid credentials #2" time="0.298"/>
  <testcase classname="Users Rest API test" name="get access with valid credentials #3" time="0.225"/>
  <testcase classname="Users Rest API test" name="Validate error message while obtaining invalid user #1" time="0.103"/>
  <testcase classname="Users Rest API test" name="Validate error message while obtaining invalid user #2" time="0.073"/>
  <testcase classname="Users Rest API test" name="Validate error message while obtaining invalid user #3" time="0.134"/>
  <testcase classname="Users Rest API test" name="Obtain user details with a valid username and &quot;Valid details&quot; after registration #1" time="0.525"/>
  <testcase classname="Users Rest API test" name="Obtain user details with a valid username and &quot;Valid details&quot; after registration #2" time="0.247"/>
  <testcase classname="Users Rest API test" name="User registration with invalid detail &quot;Invalid email id&quot;" time="0.191">
    <failure message="Failed to match status code expected:&lt;400&gt; but was:&lt;201&gt;" type="java.lang.AssertionError">java.lang.AssertionError: Failed to match status code expected:&lt;400&gt; but was:&lt;201&gt;
	at org.junit.Assert.fail(Assert.java:89)
	at org.junit.Assert.failNotEquals(Assert.java:835)
	at org.junit.Assert.assertEquals(Assert.java:647)
	at util.RestApiUtil.verifyStatusCode(RestApiUtil.java:75)
	at steps.LoginAPISteps.theUserRegisteredAnAccountWith(LoginAPISteps.java:51)
	at ✽.register account with &quot;Super Admin&quot; &quot;sheldon&quot; &quot;w0r!d&quot; &quot;superadmin&quot; &quot;1982-01-01&quot; &quot;Super all.&quot; &quot;true&quot; 400(file:///Users/shiv/IdeaProjects/TestAutomation/src/test/resources/features/UsersEndPointFeature.feature:49)
</failure>
  </testcase>
  <testcase classname="Users Rest API test" name="User registration with invalid detail &quot;Future date in DOB&quot;" time="0.154">
    <failure message="Failed to match status code expected:&lt;400&gt; but was:&lt;201&gt;" type="java.lang.AssertionError">java.lang.AssertionError: Failed to match status code expected:&lt;400&gt; but was:&lt;201&gt;
	at org.junit.Assert.fail(Assert.java:89)
	at org.junit.Assert.failNotEquals(Assert.java:835)
	at org.junit.Assert.assertEquals(Assert.java:647)
	at util.RestApiUtil.verifyStatusCode(RestApiUtil.java:75)
	at steps.LoginAPISteps.theUserRegisteredAnAccountWith(LoginAPISteps.java:51)
	at ✽.register account with &quot;Super Admin&quot; &quot;penny&quot; &quot;w0r!d&quot; &quot;superadmin3@somewhere.com&quot; &quot;2051-01-02&quot; &quot;Super all.&quot; &quot;true&quot; 400(file:///Users/shiv/IdeaProjects/TestAutomation/src/test/resources/features/UsersEndPointFeature.feature:49)
</failure>
  </testcase>
  <testcase classname="Users Rest API test" name="User registration with invalid detail &quot;Blank password&quot;" time="0.148">
    <failure message="Failed to match status code expected:&lt;400&gt; but was:&lt;201&gt;" type="java.lang.AssertionError">java.lang.AssertionError: Failed to match status code expected:&lt;400&gt; but was:&lt;201&gt;
	at org.junit.Assert.fail(Assert.java:89)
	at org.junit.Assert.failNotEquals(Assert.java:835)
	at org.junit.Assert.assertEquals(Assert.java:647)
	at util.RestApiUtil.verifyStatusCode(RestApiUtil.java:75)
	at steps.LoginAPISteps.theUserRegisteredAnAccountWith(LoginAPISteps.java:51)
	at ✽.register account with &quot;Super Admin&quot; &quot;bernadedth&quot; &quot;&quot; &quot;superadmin4@somewhere.com&quot; &quot;1982-01-01&quot; &quot;Super all.&quot; &quot;true&quot; 400(file:///Users/shiv/IdeaProjects/TestAutomation/src/test/resources/features/UsersEndPointFeature.feature:49)
</failure>
  </testcase>
  <testcase classname="Users Rest API test" name="Get all user with &quot;admin&quot;" time="0.571"/>
  <testcase classname="Users Rest API test" name="Get all user with &quot;tester&quot;" time="0.152"/>
  <testcase classname="Users Rest API test" name="Get all user with &quot;dev&quot;" time="0.12"/>
  <testcase classname="Users Rest API test" name="Delete user" time="0.482"/>
  <testcase classname="Users Rest API test" name="Update user" time="0.543"/>
  <testcase classname="Users Rest API test" name="Register already registered user and verify error" time="0.374"/>
  <testcase classname="Users Rest API test" name="Update userName and email of new user with userName already Registered" time="0.566">
    <failure message="Failed to match status code expected:&lt;400&gt; but was:&lt;200&gt;" type="java.lang.AssertionError">java.lang.AssertionError: Failed to match status code expected:&lt;400&gt; but was:&lt;200&gt;
	at org.junit.Assert.fail(Assert.java:89)
	at org.junit.Assert.failNotEquals(Assert.java:835)
	at org.junit.Assert.assertEquals(Assert.java:647)
	at util.RestApiUtil.verifyStatusCode(RestApiUtil.java:75)
	at steps.LoginAPISteps.verifyGetStatusCode(LoginAPISteps.java:215)
	at ✽.verify 400(file:///Users/shiv/IdeaProjects/TestAutomation/src/test/resources/features/UsersEndPointFeature.feature:103)
</failure>
  </testcase>
</testsuite>