<?xml version="1.0" encoding="UTF-8" ?>
<testsuite tests="21" failures="4" name="runner.runTest" time="8.773" errors="0" skipped="0">
  <properties>
[...]
</properties>
  <testcase classname="Users Rest API test" name="Obtain user details with a valid username #1" time="3.146"/>
  <testcase classname="Users Rest API test" name="Obtain user details with a valid username #2" time="0.195"/>
  <testcase classname="Users Rest API test" name="Obtain user details with a valid username #3" time="0.179"/>
  <testcase classname="Users Rest API test" name="get access with valid credentials #1" time="0.347"/>
  <testcase classname="Users Rest API test" name="get access with valid credentials #2" time="0.298"/>
  <testcase classname="Users Rest API test" name="get access with valid credentials #3" time="0.225"/>
  <testcase classname="Users Rest API test" name="Validate error message while obtaining invalid user #1" time="0.103"/>
  <testcase classname="Users Rest API test" name="Validate error message while obtaining invalid user #2" time="0.073"/>
  <testcase classname="Users Rest API test" name="Validate error message while obtaining invalid user #3" time="0.134"/>
  <testcase classname="Users Rest API test" name="Obtain user details with a valid username and &quot;Valid details&quot; after registration #1" time="0.525"/>
  <testcase classname="Users Rest API test" name="Obtain user details with a valid username and &quot;Valid details&quot; after registration #2" time="0.247"/>
  <testcase classname="Users Rest API test" name="User registration with invalid detail &quot;Invalid email id&quot;" time="0.191">
    <failure message="Failed to match status code expected:&lt;400&gt; but was:&lt;201&gt;" type="java.lang.AssertionError">java.lang.AssertionError: Failed to match status code expected:&lt;400&gt; but was:&lt;201&gt;
	at org.junit.Assert.fail(Assert.java:89)
	at org.junit.Assert.failNotEquals(Assert.java:835)
	at org.junit.Assert.assertEquals(Assert.java:647)
	at util.RestApiUtil.verifyStatusCode(RestApiUtil.java:75)
	at steps.LoginAPISteps.theUserRegisteredAnAccountWith(LoginAPISteps.java:51)
	at ✽.register account with &quot;Super Admin&quot; &quot;sheldon&quot; &quot;w0r!d&quot; &quot;superadmin&quot; &quot;1982-01-01&quot; &quot;Super all.&quot; &quot;true&quot; 400(file:///Users/shiv/IdeaProjects/TestAutomation/src/test/resources/features/UsersEndPointFeature.feature:49)
</failure>
  </testcase>
  <testcase classname="Users Rest API test" name="User registration with invalid detail &quot;Future date in DOB&quot;" time="0.154">
    <failure message="Failed to match status code expected:&lt;400&gt; but was:&lt;201&gt;" type="java.lang.AssertionError">java.lang.AssertionError: Failed to match status code expected:&lt;400&gt; but was:&lt;201&gt;
	at org.junit.Assert.fail(Assert.java:89)
	at org.junit.Assert.failNotEquals(Assert.java:835)
	at org.junit.Assert.assertEquals(Assert.java:647)
	at util.RestApiUtil.verifyStatusCode(RestApiUtil.java:75)
	at steps.LoginAPISteps.theUserRegisteredAnAccountWith(LoginAPISteps.java:51)
	at ✽.register account with &quot;Super Admin&quot; &quot;penny&quot; &quot;w0r!d&quot; &quot;superadmin3@somewhere.com&quot; &quot;2051-01-02&quot; &quot;Super all.&quot; &quot;true&quot; 400(file:///Users/shiv/IdeaProjects/TestAutomation/src/test/resources/features/UsersEndPointFeature.feature:49)
</failure>
  </testcase>
  <testcase classname="Users Rest API test" name="User registration with invalid detail &quot;Blank password&quot;" time="0.148">
    <failure message="Failed to match status code expected:&lt;400&gt; but was:&lt;201&gt;" type="java.lang.AssertionError">java.lang.AssertionError: Failed to match status code expected:&lt;400&gt; but was:&lt;201&gt;
	at org.junit.Assert.fail(Assert.java:89)
	at org.junit.Assert.failNotEquals(Assert.java:835)
	at org.junit.Assert.assertEquals(Assert.java:647)
	at util.RestApiUtil.verifyStatusCode(RestApiUtil.java:75)
	at steps.LoginAPISteps.theUserRegisteredAnAccountWith(LoginAPISteps.java:51)
	at ✽.register account with &quot;Super Admin&quot; &quot;bernadedth&quot; &quot;&quot; &quot;superadmin4@somewhere.com&quot; &quot;1982-01-01&quot; &quot;Super all.&quot; &quot;true&quot; 400(file:///Users/shiv/IdeaProjects/TestAutomation/src/test/resources/features/UsersEndPointFeature.feature:49)
</failure>
  </testcase>
  <testcase classname="Users Rest API test" name="Get all user with &quot;admin&quot;" time="0.571"/>
  <testcase classname="Users Rest API test" name="Get all user with &quot;tester&quot;" time="0.152"/>
  <testcase classname="Users Rest API test" name="Get all user with &quot;dev&quot;" time="0.12"/>
  <testcase classname="Users Rest API test" name="Delete user" time="0.482"/>
  <testcase classname="Users Rest API test" name="Update user" time="0.543"/>
  <testcase classname="Users Rest API test" name="Register already registered user and verify error" time="0.374"/>
  <testcase classname="Users Rest API test" name="Update userName and email of new user with userName already Registered" time="0.566">
    <failure message="Failed to match status code expected:&lt;400&gt; but was:&lt;200&gt;" type="java.lang.AssertionError">java.lang.AssertionError: Failed to match status code expected:&lt;400&gt; but was:&lt;200&gt;
	at org.junit.Assert.fail(Assert.java:89)
	at org.junit.Assert.failNotEquals(Assert.java:835)
	at org.junit.Assert.assertEquals(Assert.java:647)
	at util.RestApiUtil.verifyStatusCode(RestApiUtil.java:75)
	at steps.LoginAPISteps.verifyGetStatusCode(LoginAPISteps.java:215)
	at ✽.verify 400(file:///Users/shiv/IdeaProjects/TestAutomation/src/test/resources/features/UsersEndPointFeature.feature:103)
</failure>
  </testcase>
</testsuite>